<?xml version="1.0" encoding="UTF-8"?>
<testsuite name="kl.v2x.consumer.test.CertApplyContractTest" tests="1" skipped="0" failures="1" errors="0" timestamp="2022-06-06T07:01:48" hostname="ShideMacBook-Pro.local" time="1.489">
  <properties/>
  <testcase name="testCertApply(MockServer)" classname="kl.v2x.consumer.test.CertApplyContractTest" time="1.489">
    <failure message="org.springframework.web.client.HttpServerErrorException$InternalServerError: 500 Internal Server Error: [{ &quot;error&quot;: &quot;Unexpected request : \tmethod: POST\n\tpath: \/cert\/apply\n\tquery: {}\n\theaders: {Accept-encoding=[gzip,deflate], Accept=[application\/octet-stream], Connection=[Keep-Alive], Host=[loca... (466 bytes)]" type="org.springframework.web.client.HttpServerErrorException$InternalServerError">org.springframework.web.client.HttpServerErrorException$InternalServerError: 500 Internal Server Error: [{ &quot;error&quot;: &quot;Unexpected request : \tmethod: POST\n\tpath: \/cert\/apply\n\tquery: {}\n\theaders: {Accept-encoding=[gzip,deflate], Accept=[application\/octet-stream], Connection=[Keep-Alive], Host=[loca... (466 bytes)]
	at org.springframework.web.client.HttpServerErrorException.create(HttpServerErrorException.java:100)
	at org.springframework.web.client.DefaultResponseErrorHandler.handleError(DefaultResponseErrorHandler.java:186)
	at org.springframework.web.client.DefaultResponseErrorHandler.handleError(DefaultResponseErrorHandler.java:125)
	at org.springframework.web.client.ResponseErrorHandler.handleError(ResponseErrorHandler.java:63)
	at org.springframework.web.client.RestTemplate.handleResponse(RestTemplate.java:780)
	at org.springframework.web.client.RestTemplate.doExecute(RestTemplate.java:738)
	at org.springframework.web.client.RestTemplate.execute(RestTemplate.java:672)
	at org.springframework.web.client.RestTemplate.exchange(RestTemplate.java:581)
	at kl.v2x.consumer.client.CertApplyClient.certApply(CertApplyClient.java:34)
	at kl.v2x.consumer.test.CertApplyContractTest.testCertApply(CertApplyContractTest.java:69)
	at sun.reflect.NativeMethodAccessorImpl.invoke0(Native Method)
	at sun.reflect.NativeMethodAccessorImpl.invoke(NativeMethodAccessorImpl.java:62)
	at sun.reflect.DelegatingMethodAccessorImpl.invoke(DelegatingMethodAccessorImpl.java:43)
	at java.lang.reflect.Method.invoke(Method.java:498)
	at org.junit.platform.commons.util.ReflectionUtils.invokeMethod(ReflectionUtils.java:686)
	at org.junit.jupiter.engine.execution.MethodInvocation.proceed(MethodInvocation.java:60)
	at org.junit.jupiter.engine.execution.InvocationInterceptorChain$ValidatingInvocation.proceed(InvocationInterceptorChain.java:131)
	at org.junit.jupiter.engine.extension.TimeoutExtension.intercept(TimeoutExtension.java:149)
	at org.junit.jupiter.engine.extension.TimeoutExtension.interceptTestableMethod(TimeoutExtension.java:140)
	at org.junit.jupiter.engine.extension.TimeoutExtension.interceptTestMethod(TimeoutExtension.java:84)
	at org.junit.jupiter.engine.execution.ExecutableInvoker$ReflectiveInterceptorCall.lambda$ofVoidMethod$0(ExecutableInvoker.java:115)
	at org.junit.jupiter.engine.execution.ExecutableInvoker.lambda$invoke$0(ExecutableInvoker.java:105)
	at org.junit.jupiter.engine.execution.InvocationInterceptorChain$InterceptedInvocation.proceed(InvocationInterceptorChain.java:106)
	at org.junit.jupiter.engine.execution.InvocationInterceptorChain.proceed(InvocationInterceptorChain.java:64)
	at org.junit.jupiter.engine.execution.InvocationInterceptorChain.chainAndInvoke(InvocationInterceptorChain.java:45)
	at org.junit.jupiter.engine.execution.InvocationInterceptorChain.invoke(InvocationInterceptorChain.java:37)
	at org.junit.jupiter.engine.execution.ExecutableInvoker.invoke(ExecutableInvoker.java:104)
	at org.junit.jupiter.engine.execution.ExecutableInvoker.invoke(ExecutableInvoker.java:98)
	at org.junit.jupiter.engine.descriptor.TestMethodTestDescriptor.lambda$invokeTestMethod$6(TestMethodTestDescriptor.java:212)
	at org.junit.platform.engine.support.hierarchical.ThrowableCollector.execute(ThrowableCollector.java:73)
	at org.junit.jupiter.engine.descriptor.TestMethodTestDescriptor.invokeTestMethod(TestMethodTestDescriptor.java:208)
	at org.junit.jupiter.engine.descriptor.TestMethodTestDescriptor.execute(TestMethodTestDescriptor.java:137)
	at org.junit.jupiter.engine.descriptor.TestMethodTestDescriptor.execute(TestMethodTestDescriptor.java:71)
	at org.junit.platform.engine.support.hierarchical.NodeTestTask.lambda$executeRecursively$5(NodeTestTask.java:135)
	at org.junit.platform.engine.support.hierarchical.ThrowableCollector.execute(ThrowableCollector.java:73)
	at org.junit.platform.engine.support.hierarchical.NodeTestTask.lambda$executeRecursively$7(NodeTestTask.java:125)
	at org.junit.platform.engine.support.hierarchical.Node.around(Node.java:135)
	at org.junit.platform.engine.support.hierarchical.NodeTestTask.lambda$executeRecursively$8(NodeTestTask.java:123)
	at org.junit.platform.engine.support.hierarchical.ThrowableCollector.execute(ThrowableCollector.java:73)
	at org.junit.platform.engine.support.hierarchical.NodeTestTask.executeRecursively(NodeTestTask.java:122)
	at org.junit.platform.engine.support.hierarchical.NodeTestTask.execute(NodeTestTask.java:80)
	at java.util.ArrayList.forEach(ArrayList.java:1259)
	at org.junit.platform.engine.support.hierarchical.SameThreadHierarchicalTestExecutorService.invokeAll(SameThreadHierarchicalTestExecutorService.java:38)
	at org.junit.platform.engine.support.hierarchical.NodeTestTask.lambda$executeRecursively$5(NodeTestTask.java:139)
	at org.junit.platform.engine.support.hierarchical.ThrowableCollector.execute(ThrowableCollector.java:73)
	at org.junit.platform.engine.support.hierarchical.NodeTestTask.lambda$executeRecursively$7(NodeTestTask.java:125)
	at org.junit.platform.engine.support.hierarchical.Node.around(Node.java:135)
	at org.junit.platform.engine.support.hierarchical.NodeTestTask.lambda$executeRecursively$8(NodeTestTask.java:123)
	at org.junit.platform.engine.support.hierarchical.ThrowableCollector.execute(ThrowableCollector.java:73)
	at org.junit.platform.engine.support.hierarchical.NodeTestTask.executeRecursively(NodeTestTask.java:122)
	at org.junit.platform.engine.support.hierarchical.NodeTestTask.execute(NodeTestTask.java:80)
	at java.util.ArrayList.forEach(ArrayList.java:1259)
	at org.junit.platform.engine.support.hierarchical.SameThreadHierarchicalTestExecutorService.invokeAll(SameThreadHierarchicalTestExecutorService.java:38)
	at org.junit.platform.engine.support.hierarchical.NodeTestTask.lambda$executeRecursively$5(NodeTestTask.java:139)
	at org.junit.platform.engine.support.hierarchical.ThrowableCollector.execute(ThrowableCollector.java:73)
	at org.junit.platform.engine.support.hierarchical.NodeTestTask.lambda$executeRecursively$7(NodeTestTask.java:125)
	at org.junit.platform.engine.support.hierarchical.Node.around(Node.java:135)
	at org.junit.platform.engine.support.hierarchical.NodeTestTask.lambda$executeRecursively$8(NodeTestTask.java:123)
	at org.junit.platform.engine.support.hierarchical.ThrowableCollector.execute(ThrowableCollector.java:73)
	at org.junit.platform.engine.support.hierarchical.NodeTestTask.executeRecursively(NodeTestTask.java:122)
	at org.junit.platform.engine.support.hierarchical.NodeTestTask.execute(NodeTestTask.java:80)
	at org.junit.platform.engine.support.hierarchical.SameThreadHierarchicalTestExecutorService.submit(SameThreadHierarchicalTestExecutorService.java:32)
	at org.junit.platform.engine.support.hierarchical.HierarchicalTestExecutor.execute(HierarchicalTestExecutor.java:57)
	at org.junit.platform.engine.support.hierarchical.HierarchicalTestEngine.execute(HierarchicalTestEngine.java:51)
	at org.junit.platform.launcher.core.DefaultLauncher.execute(DefaultLauncher.java:248)
	at org.junit.platform.launcher.core.DefaultLauncher.lambda$execute$5(DefaultLauncher.java:211)
	at org.junit.platform.launcher.core.DefaultLauncher.withInterceptedStreams(DefaultLauncher.java:226)
	at org.junit.platform.launcher.core.DefaultLauncher.execute(DefaultLauncher.java:199)
	at org.junit.platform.launcher.core.DefaultLauncher.execute(DefaultLauncher.java:132)
	at org.gradle.api.internal.tasks.testing.junitplatform.JUnitPlatformTestClassProcessor$CollectAllTestClassesExecutor.processAllTestClasses(JUnitPlatformTestClassProcessor.java:99)
	at org.gradle.api.internal.tasks.testing.junitplatform.JUnitPlatformTestClassProcessor$CollectAllTestClassesExecutor.access$000(JUnitPlatformTestClassProcessor.java:79)
	at org.gradle.api.internal.tasks.testing.junitplatform.JUnitPlatformTestClassProcessor.stop(JUnitPlatformTestClassProcessor.java:75)
	at org.gradle.api.internal.tasks.testing.SuiteTestClassProcessor.stop(SuiteTestClassProcessor.java:61)
	at sun.reflect.NativeMethodAccessorImpl.invoke0(Native Method)
	at sun.reflect.NativeMethodAccessorImpl.invoke(NativeMethodAccessorImpl.java:62)
	at sun.reflect.DelegatingMethodAccessorImpl.invoke(DelegatingMethodAccessorImpl.java:43)
	at java.lang.reflect.Method.invoke(Method.java:498)
	at org.gradle.internal.dispatch.ReflectionDispatch.dispatch(ReflectionDispatch.java:36)
	at org.gradle.internal.dispatch.ReflectionDispatch.dispatch(ReflectionDispatch.java:24)
	at org.gradle.internal.dispatch.ContextClassLoaderDispatch.dispatch(ContextClassLoaderDispatch.java:33)
	at org.gradle.internal.dispatch.ProxyDispatchAdapter$DispatchingInvocationHandler.invoke(ProxyDispatchAdapter.java:94)
	at com.sun.proxy.$Proxy2.stop(Unknown Source)
	at org.gradle.api.internal.tasks.testing.worker.TestWorker.stop(TestWorker.java:133)
	at sun.reflect.NativeMethodAccessorImpl.invoke0(Native Method)
	at sun.reflect.NativeMethodAccessorImpl.invoke(NativeMethodAccessorImpl.java:62)
	at sun.reflect.DelegatingMethodAccessorImpl.invoke(DelegatingMethodAccessorImpl.java:43)
	at java.lang.reflect.Method.invoke(Method.java:498)
	at org.gradle.internal.dispatch.ReflectionDispatch.dispatch(ReflectionDispatch.java:36)
	at org.gradle.internal.dispatch.ReflectionDispatch.dispatch(ReflectionDispatch.java:24)
	at org.gradle.internal.remote.internal.hub.MessageHubBackedObjectConnection$DispatchWrapper.dispatch(MessageHubBackedObjectConnection.java:182)
	at org.gradle.internal.remote.internal.hub.MessageHubBackedObjectConnection$DispatchWrapper.dispatch(MessageHubBackedObjectConnection.java:164)
	at org.gradle.internal.remote.internal.hub.MessageHub$Handler.run(MessageHub.java:414)
	at org.gradle.internal.concurrent.ExecutorPolicy$CatchAndRecordFailures.onExecute(ExecutorPolicy.java:64)
	at org.gradle.internal.concurrent.ManagedExecutorImpl$1.run(ManagedExecutorImpl.java:48)
	at java.util.concurrent.ThreadPoolExecutor.runWorker(ThreadPoolExecutor.java:1149)
	at java.util.concurrent.ThreadPoolExecutor$Worker.run(ThreadPoolExecutor.java:624)
	at org.gradle.internal.concurrent.ThreadFactoryImpl$ManagedThreadRunnable.run(ThreadFactoryImpl.java:56)
	at java.lang.Thread.run(Thread.java:750)
</failure>
  </testcase>
  <system-out><![CDATA[15:01:48.754 [Test worker] DEBUG au.com.dius.pact.consumer.junit5.PactConsumerTestExt - Found @PactTestFor annotation on test method
15:01:48.760 [Test worker] DEBUG au.com.dius.pact.consumer.junit5.PactConsumerTestExt - providerInfo = ProviderInfo(providerName=, hostInterface=, port=, pactVersion=null, providerType=null, https=false, mockServerImplementation=Default)
15:01:48.761 [Test worker] DEBUG au.com.dius.pact.consumer.junit5.PactConsumerTestExt - Looking for @Pact method named 'certApply' for provider 'default'
15:01:48.763 [Test worker] DEBUG au.com.dius.pact.consumer.junit5.PactConsumerTestExt - Invoking method 'certApply' to get Pact for the test 'testCertApply'
15:01:49.179 [Test worker] DEBUG au.com.dius.pact.consumer.BaseJdkMockServer - Starting mock server
15:01:49.180 [Test worker] DEBUG au.com.dius.pact.consumer.BaseJdkMockServer - Mock server started: /127.0.0.1:65246
15:01:49.678 [Test worker] DEBUG org.apache.http.client.protocol.RequestAddCookies - CookieSpec selected: default
15:01:49.685 [Test worker] DEBUG org.apache.http.client.protocol.RequestAuthCache - Auth cache not set in the context
15:01:49.685 [Test worker] DEBUG org.apache.http.impl.conn.BasicHttpClientConnectionManager - Get connection for route {}->http://localhost:65246
15:01:49.693 [Test worker] DEBUG org.apache.http.impl.conn.DefaultManagedHttpClientConnection - http-outgoing-0: set socket timeout to 0
15:01:49.694 [Test worker] DEBUG org.apache.http.impl.execchain.MainClientExec - Opening connection {}->http://localhost:65246
15:01:49.695 [Test worker] DEBUG org.apache.http.impl.conn.DefaultHttpClientConnectionOperator - Connecting to localhost/127.0.0.1:65246
15:01:49.699 [Test worker] DEBUG org.apache.http.impl.conn.DefaultHttpClientConnectionOperator - Connection established 127.0.0.1:65249<->127.0.0.1:65246
15:01:49.699 [Test worker] DEBUG org.apache.http.impl.execchain.MainClientExec - Executing request OPTIONS / HTTP/1.1
15:01:49.699 [Test worker] DEBUG org.apache.http.impl.execchain.MainClientExec - Target auth state: UNCHALLENGED
15:01:49.699 [Test worker] DEBUG org.apache.http.impl.execchain.MainClientExec - Proxy auth state: UNCHALLENGED
15:01:49.700 [Test worker] DEBUG org.apache.http.headers - http-outgoing-0 >> OPTIONS / HTTP/1.1
15:01:49.700 [Test worker] DEBUG org.apache.http.headers - http-outgoing-0 >> X-PACT-BOOTCHECK: true
15:01:49.700 [Test worker] DEBUG org.apache.http.headers - http-outgoing-0 >> Host: localhost:65246
15:01:49.700 [Test worker] DEBUG org.apache.http.headers - http-outgoing-0 >> Connection: Keep-Alive
15:01:49.700 [Test worker] DEBUG org.apache.http.headers - http-outgoing-0 >> User-Agent: Apache-HttpClient/4.5.13 (Java/1.8.0_321)
15:01:49.700 [Test worker] DEBUG org.apache.http.headers - http-outgoing-0 >> Accept-Encoding: gzip,deflate
15:01:49.701 [Test worker] DEBUG org.apache.http.wire - http-outgoing-0 >> "OPTIONS / HTTP/1.1[\r][\n]"
15:01:49.701 [Test worker] DEBUG org.apache.http.wire - http-outgoing-0 >> "X-PACT-BOOTCHECK: true[\r][\n]"
15:01:49.701 [Test worker] DEBUG org.apache.http.wire - http-outgoing-0 >> "Host: localhost:65246[\r][\n]"
15:01:49.701 [Test worker] DEBUG org.apache.http.wire - http-outgoing-0 >> "Connection: Keep-Alive[\r][\n]"
15:01:49.701 [Test worker] DEBUG org.apache.http.wire - http-outgoing-0 >> "User-Agent: Apache-HttpClient/4.5.13 (Java/1.8.0_321)[\r][\n]"
15:01:49.701 [Test worker] DEBUG org.apache.http.wire - http-outgoing-0 >> "Accept-Encoding: gzip,deflate[\r][\n]"
15:01:49.701 [Test worker] DEBUG org.apache.http.wire - http-outgoing-0 >> "[\r][\n]"
15:01:49.708 [Test worker] DEBUG org.apache.http.wire - http-outgoing-0 << "HTTP/1.1 200 OK[\r][\n]"
15:01:49.709 [Test worker] DEBUG org.apache.http.wire - http-outgoing-0 << "Date: Mon, 06 Jun 2022 07:01:49 GMT[\r][\n]"
15:01:49.709 [Test worker] DEBUG org.apache.http.wire - http-outgoing-0 << "Transfer-encoding: chunked[\r][\n]"
15:01:49.709 [Test worker] DEBUG org.apache.http.wire - http-outgoing-0 << "X-pact-bootcheck: true[\r][\n]"
15:01:49.709 [Test worker] DEBUG org.apache.http.wire - http-outgoing-0 << "[\r][\n]"
15:01:49.711 [Test worker] DEBUG org.apache.http.headers - http-outgoing-0 << HTTP/1.1 200 OK
15:01:49.711 [Test worker] DEBUG org.apache.http.headers - http-outgoing-0 << Date: Mon, 06 Jun 2022 07:01:49 GMT
15:01:49.711 [Test worker] DEBUG org.apache.http.headers - http-outgoing-0 << Transfer-encoding: chunked
15:01:49.711 [Test worker] DEBUG org.apache.http.headers - http-outgoing-0 << X-pact-bootcheck: true
15:01:49.714 [Test worker] DEBUG org.apache.http.impl.execchain.MainClientExec - Connection can be kept alive indefinitely
15:01:49.715 [Test worker] DEBUG org.apache.http.impl.conn.DefaultManagedHttpClientConnection - http-outgoing-0: Close connection
15:01:49.716 [Test worker] DEBUG org.apache.http.impl.execchain.MainClientExec - Connection discarded
15:01:49.716 [Test worker] DEBUG org.apache.http.impl.conn.BasicHttpClientConnectionManager - Releasing connection [Not bound]
15:01:50.103 [Test worker] WARN org.springframework.http.converter.json.Jackson2ObjectMapperBuilder - For Jackson Kotlin classes support please add "com.fasterxml.jackson.module:jackson-module-kotlin" to the classpath
15:01:50.159 [Test worker] DEBUG org.springframework.web.client.RestTemplate - HTTP POST http://localhost:65246/cert/apply
15:01:50.166 [Test worker] DEBUG org.springframework.web.client.RestTemplate - Accept=[application/octet-stream, application/json, application/*+json, */*]
15:01:50.171 [Test worker] DEBUG org.springframework.web.client.RestTemplate - Writing [[B@e6effe7] as "application/octet-stream"
15:01:50.174 [Test worker] DEBUG org.apache.http.client.protocol.RequestAddCookies - CookieSpec selected: default
15:01:50.174 [Test worker] DEBUG org.apache.http.client.protocol.RequestAuthCache - Auth cache not set in the context
15:01:50.175 [Test worker] DEBUG org.apache.http.impl.conn.PoolingHttpClientConnectionManager - Connection request: [route: {}->http://localhost:65246][total available: 0; route allocated: 0 of 5; total allocated: 0 of 10]
15:01:50.176 [Test worker] DEBUG org.apache.http.impl.conn.PoolingHttpClientConnectionManager - Connection leased: [id: 0][route: {}->http://localhost:65246][total available: 0; route allocated: 1 of 5; total allocated: 1 of 10]
15:01:50.176 [Test worker] DEBUG org.apache.http.impl.execchain.MainClientExec - Opening connection {}->http://localhost:65246
15:01:50.176 [Test worker] DEBUG org.apache.http.impl.conn.DefaultHttpClientConnectionOperator - Connecting to localhost/127.0.0.1:65246
15:01:50.177 [Test worker] DEBUG org.apache.http.impl.conn.DefaultHttpClientConnectionOperator - Connection established 127.0.0.1:65252<->127.0.0.1:65246
15:01:50.177 [Test worker] DEBUG org.apache.http.impl.execchain.MainClientExec - Executing request POST /cert/apply HTTP/1.1
15:01:50.177 [Test worker] DEBUG org.apache.http.impl.execchain.MainClientExec - Target auth state: UNCHALLENGED
15:01:50.177 [Test worker] DEBUG org.apache.http.impl.execchain.MainClientExec - Proxy auth state: UNCHALLENGED
15:01:50.178 [Test worker] DEBUG org.apache.http.headers - http-outgoing-1 >> POST /cert/apply HTTP/1.1
15:01:50.178 [Test worker] DEBUG org.apache.http.headers - http-outgoing-1 >> Accept: application/octet-stream
15:01:50.178 [Test worker] DEBUG org.apache.http.headers - http-outgoing-1 >> Content-Type: application/octet-stream
15:01:50.178 [Test worker] DEBUG org.apache.http.headers - http-outgoing-1 >> Content-Length: 4
15:01:50.178 [Test worker] DEBUG org.apache.http.headers - http-outgoing-1 >> Host: localhost:65246
15:01:50.178 [Test worker] DEBUG org.apache.http.headers - http-outgoing-1 >> Connection: Keep-Alive
15:01:50.180 [Test worker] DEBUG org.apache.http.headers - http-outgoing-1 >> User-Agent: Apache-HttpClient/4.5.13 (Java/1.8.0_321)
15:01:50.180 [Test worker] DEBUG org.apache.http.headers - http-outgoing-1 >> Accept-Encoding: gzip,deflate
15:01:50.180 [Test worker] DEBUG org.apache.http.wire - http-outgoing-1 >> "POST /cert/apply HTTP/1.1[\r][\n]"
15:01:50.181 [Test worker] DEBUG org.apache.http.wire - http-outgoing-1 >> "Accept: application/octet-stream[\r][\n]"
15:01:50.181 [Test worker] DEBUG org.apache.http.wire - http-outgoing-1 >> "Content-Type: application/octet-stream[\r][\n]"
15:01:50.181 [Test worker] DEBUG org.apache.http.wire - http-outgoing-1 >> "Content-Length: 4[\r][\n]"
15:01:50.181 [Test worker] DEBUG org.apache.http.wire - http-outgoing-1 >> "Host: localhost:65246[\r][\n]"
15:01:50.181 [Test worker] DEBUG org.apache.http.wire - http-outgoing-1 >> "Connection: Keep-Alive[\r][\n]"
15:01:50.181 [Test worker] DEBUG org.apache.http.wire - http-outgoing-1 >> "User-Agent: Apache-HttpClient/4.5.13 (Java/1.8.0_321)[\r][\n]"
15:01:50.181 [Test worker] DEBUG org.apache.http.wire - http-outgoing-1 >> "Accept-Encoding: gzip,deflate[\r][\n]"
15:01:50.181 [Test worker] DEBUG org.apache.http.wire - http-outgoing-1 >> "[\r][\n]"
15:01:50.181 [Test worker] DEBUG org.apache.http.wire - http-outgoing-1 >> "[0x1][0x2][0x3][0x4]"
15:01:50.193 [Thread-5] DEBUG au.com.dius.pact.consumer.BaseJdkMockServer - Received request: 	method: POST
	path: /cert/apply
	query: {}
	headers: {Accept-encoding=[gzip,deflate], Accept=[application/octet-stream], Connection=[Keep-Alive], Host=[localhost:65246], User-agent=[Apache-HttpClient/4.5.13 (Java/1.8.0_321)], Content-type=[application/octet-stream], Content-length=[4]}
	matchers: MatchingRules(rules={})
	generators: Generators(categories={})
	body: PRESENT(4 bytes starting with 01020304...)
15:01:50.195 [Thread-5] DEBUG au.com.dius.pact.core.matchers.RequestMatching - comparing to expected request: 
	method: POST
	path: /cert/apply
	query: {}
	headers: {Content-Type=[application/json; charset=UTF-8]}
	matchers: MatchingRules(rules={body=Category(name=body, matchingRules={$.request=MatchingRuleGroup(rules=[au.com.dius.pact.core.model.matchingrules.EqualsMatcher@1d661cc8], ruleLogic=AND)})})
	generators: Generators(categories={})
	body: PRESENT({"request":"\u0001\u0002\u0003\u0004"})
15:01:50.201 [Thread-5] DEBUG au.com.dius.pact.core.matchers.HeaderMatcher - Comparing header 'Content-Type': 'application/octet-stream' to 'application/json; charset=UTF-8'
15:01:50.202 [Thread-5] DEBUG au.com.dius.pact.core.matchers.HeaderMatcher - Comparing content type header: 'application/octet-stream' to 'application/json; charset=UTF-8'
15:01:50.207 [Thread-5] DEBUG au.com.dius.pact.core.matchers.RequestMatching - Request mismatch: RequestMatchResult(method=null, path=null, query=[], cookie=null, headers=[HeaderMatchResult(key=Content-Type, result=[HeaderMismatch(headerKey=Content-Type, expected=application/json; charset=UTF-8, actual=application/octet-stream, mismatch=Expected header 'Content-Type' to have value 'application/json; charset=UTF-8' but was 'application/octet-stream')])], body=BodyMatchResult(typeMismatch=BodyTypeMismatch(expected=application/json, actual=application/octet-stream), bodyResults=[]))
15:01:50.220 [Thread-5] DEBUG au.com.dius.pact.consumer.BaseJdkMockServer - Generating response: 	status: 500
	headers: {Access-Control-Allow-Origin=[*], Content-Type=[application/json], X-Pact-Unexpected-Request=[1]}
	matchers: MatchingRules(rules={})
	generators: Generators(categories={})
	body: PRESENT({ "error": "Unexpected request : \tmethod: POST\n\tpath: \/cert\/apply\n\tquery: {}\n\theaders: {Accept-encoding=[gzip,deflate], Accept=[application\/octet-stream], Connection=[Keep-Alive], Host=[localhost:65246], User-agent=[Apache-HttpClient\/4.5.13 (Java\/1.8.0_321)], Content-type=[application\/octet-stream], Content-length=[4]}\n\tmatchers: MatchingRules(rules={})\n\tgenerators: Generators(categories={})\n\tbody: PRESENT(4 bytes starting with 01020304...)" })
15:01:50.221 [Test worker] DEBUG org.apache.http.wire - http-outgoing-1 << "HTTP/1.1 500 Internal Server Error[\r][\n]"
15:01:50.221 [Test worker] DEBUG org.apache.http.wire - http-outgoing-1 << "Access-Control-Allow-Origin: *[\r][\n]"
15:01:50.221 [Test worker] DEBUG org.apache.http.wire - http-outgoing-1 << "X-Pact-Unexpected-Request: 1[\r][\n]"
15:01:50.221 [Test worker] DEBUG org.apache.http.wire - http-outgoing-1 << "Date: Mon, 06 Jun 2022 07:01:50 GMT[\r][\n]"
15:01:50.221 [Test worker] DEBUG org.apache.http.wire - http-outgoing-1 << "Content-length: 466[\r][\n]"
15:01:50.221 [Test worker] DEBUG org.apache.http.wire - http-outgoing-1 << "Content-Type: application/json[\r][\n]"
15:01:50.221 [Test worker] DEBUG org.apache.http.wire - http-outgoing-1 << "[\r][\n]"
15:01:50.222 [Test worker] DEBUG org.apache.http.headers - http-outgoing-1 << HTTP/1.1 500 Internal Server Error
15:01:50.222 [Test worker] DEBUG org.apache.http.headers - http-outgoing-1 << Access-Control-Allow-Origin: *
15:01:50.222 [Test worker] DEBUG org.apache.http.headers - http-outgoing-1 << X-Pact-Unexpected-Request: 1
15:01:50.222 [Test worker] DEBUG org.apache.http.headers - http-outgoing-1 << Date: Mon, 06 Jun 2022 07:01:50 GMT
15:01:50.222 [Test worker] DEBUG org.apache.http.headers - http-outgoing-1 << Content-length: 466
15:01:50.222 [Test worker] DEBUG org.apache.http.headers - http-outgoing-1 << Content-Type: application/json
15:01:50.222 [Test worker] DEBUG org.apache.http.impl.execchain.MainClientExec - Connection can be kept alive indefinitely
15:01:50.224 [Test worker] DEBUG org.springframework.web.client.RestTemplate - Response 500 INTERNAL_SERVER_ERROR
15:01:50.225 [Test worker] DEBUG org.apache.http.wire - http-outgoing-1 << "{ "error": "Unexpected request : \tmethod: POST\n\tpath: \/cert\/apply\n\tquery: {}\n\theaders: {Accept-encoding=[gzip,deflate], Accept=[application\/octet-stream], Connection=[Keep-Alive], Host=[localhost:65246], User-agent=[Apache-HttpClient\/4.5.13 (Java\/1.8.0_321)], Content-type=[application\/octet-stream], Content-length=[4]}\n\tmatchers: MatchingRules(rules={})\n\tgenerators: Generators(categories={})\n\tbody: PRESENT(4 bytes starting with 01020304...)" }"
15:01:50.225 [Test worker] DEBUG org.apache.http.impl.conn.PoolingHttpClientConnectionManager - Connection [id: 0][route: {}->http://localhost:65246] can be kept alive indefinitely
15:01:50.225 [Test worker] DEBUG org.apache.http.impl.conn.DefaultManagedHttpClientConnection - http-outgoing-1: set socket timeout to 0
15:01:50.225 [Test worker] DEBUG org.apache.http.impl.conn.PoolingHttpClientConnectionManager - Connection released: [id: 0][route: {}->http://localhost:65246][total available: 1; route allocated: 1 of 5; total allocated: 1 of 10]
15:01:50.233 [Test worker] DEBUG au.com.dius.pact.consumer.BaseJdkMockServer - Mock server shutdown
]]></system-out>
  <system-err><![CDATA[]]></system-err>
</testsuite>
